<?xml version="1.0" encoding="UTF-8"?>
<testsuite xmlns:xsi="http://www.w3.org/2001/XMLSchema-instance" xsi:noNamespaceSchemaLocation="https://maven.apache.org/surefire/maven-surefire-plugin/xsd/surefire-test-report.xsd" name="site.nomoreparties.stellarburgers.ChromeBrowser.RegisterTest" time="4.617" tests="2" errors="0" skipped="0" failures="0">
  <properties>
[...]
</properties>
  <testcase name="registerPositiveTest" classname="site.nomoreparties.stellarburgers.ChromeBrowser.RegisterTest" time="2.74"/>
  <testcase name="registerShortPasswordTest" classname="site.nomoreparties.stellarburgers.ChromeBrowser.RegisterTest" time="1.877"/>
</testsuite>